03-09-22  15:29:09 - WARNING - Innit function is starting in file Z:\GitHub\Repos\Better-os\Better-OS\main.py
03-09-22  15:29:09 - INFO - create_zip_backup function is starting in file Z:\GitHub\Repos\Better-os\Better-OS\backend\core\basic_handler.py
03-09-22  15:29:09 - INFO - Folder time set to 03-09-2022 15-29-09
03-09-22  15:29:09 - INFO - Creating backup of Better-OS in C:\Temp\Better-OS
03-09-22  15:29:09 - INFO - Backup of Better-OS created in C:\Temp\Better-OS
03-09-22  15:29:09 - INFO - Zip file of Better-OS created in Z:\GitHub\Repos\Better-os\Better-OS\backups\
03-09-22  15:29:10 - INFO - Temp directory C:\Temp\Better-OS03-09-2022 15-29-09 deleted
03-09-22  15:29:10 - INFO - Temp directory C:\Temp\Better-OS deleted
03-09-22  15:29:10 - INFO - count_backup_files function is starting in file Z:\GitHub\Repos\Better-os\Better-OS\backend\core\basic_handler.py
03-09-22  15:29:10 - INFO - Removed backup file backups/03-09-2022 15-29-09.zip in ./backups
03-09-22  15:29:10 - INFO - create_zip_backup function is finsihed in file Z:\GitHub\Repos\Better-os\Better-OS\backend\core\basic_handler.py
03-09-22  15:29:10 - INFO - count_log_files function is starting in file Z:\GitHub\Repos\Better-os\Better-OS\backend\core\basic_handler.py
03-09-22  15:29:10 - INFO - count_log_files function is finsihed in file Z:\GitHub\Repos\Better-os\Better-OS\backend\core\basic_handler.py
03-09-22  15:29:10 - INFO - Number of log files in ./logs is 10 before deletion
03-09-22  15:29:10 - INFO - Removed log file logs/03-09-2022 14-24-28.log in ./logs
03-09-22  15:29:10 - INFO - Removed log file logs/03-09-2022 14-24-40.log in ./logs
03-09-22  15:29:10 - INFO - Removed log file logs/03-09-2022 14-24-45.log in ./logs
03-09-22  15:29:10 - INFO - Removed log file logs/03-09-2022 14-24-53.log in ./logs
03-09-22  15:29:10 - INFO - Removed log file logs/03-09-2022 14-24-57.log in ./logs
03-09-22  15:29:10 - INFO - Number of log files in ./logs is 5 after deletion
03-09-22  15:29:10 - WARNING - Innit function is done in file Z:\GitHub\Repos\Better-os\Better-OS\main.py
03-09-22  15:29:10 - WARNING - Main function is starting in file Z:\GitHub\Repos\Better-os\Better-OS\main.py
03-09-22  15:29:10 - WARNING - Main function is done in file Z:\GitHub\Repos\Better-os\Better-OS\main.py
